{
  "stats": {
    "suites": 1,
    "tests": 2,
    "passes": 1,
    "pending": 1,
    "failures": 0,
    "start": "2025-05-13T03:16:23.106Z",
    "end": "2025-05-13T03:16:28.681Z",
    "duration": 5575,
    "testsRegistered": 2,
    "passPercent": 100,
    "pendingPercent": 50,
    "other": 0,
    "hasOther": false,
    "skipped": 0,
    "hasSkipped": false
  },
  "results": [
    {
      "uuid": "233f1d3f-97b7-4609-bc85-633a0289902c",
      "title": "",
      "fullFile": "cypress\\e2e\\run-demo\\temp.cy.js",
      "file": "cypress\\e2e\\run-demo\\temp.cy.js",
      "beforeHooks": [],
      "afterHooks": [],
      "tests": [],
      "suites": [
        {
          "uuid": "96bfbbda-f753-46e1-b5d9-9be1be1f5709",
          "title": "Tag test",
          "fullFile": "",
          "file": "",
          "beforeHooks": [],
          "afterHooks": [],
          "tests": [
            {
              "title": "enterFirstName @sanity",
              "fullTitle": "Tag test enterFirstName @sanity",
              "timedOut": null,
              "duration": 2591,
              "state": "passed",
              "speed": "fast",
              "pass": true,
              "fail": false,
              "pending": false,
              "context": null,
              "code": "cy.visit(\"https://naveenautomationlabs.com/opencart/index.php?route=account/register\");\ncy.xpath(\"//input[@id='input-firstname']\").type('David');",
              "err": {},
              "uuid": "5593ff89-d3e1-46d6-a0ac-3a3ccada5ce4",
              "parentUUID": "96bfbbda-f753-46e1-b5d9-9be1be1f5709",
              "isHook": false,
              "skipped": false
            },
            {
              "title": "enterLastName",
              "fullTitle": "Tag test enterLastName",
              "timedOut": null,
              "duration": 0,
              "state": "pending",
              "speed": null,
              "pass": false,
              "fail": false,
              "pending": true,
              "context": null,
              "code": "cy.visit(\"https://naveenautomationlabs.com/opencart/index.php?route=account/register\");\ncy.get('#input-lastname').as('txt_lastName');\ncy.get('@txt_lastName').type('Johnson').should('have.value', 'Johnson');",
              "err": {},
              "uuid": "2f86abc5-ef20-46af-badd-653bbe3bd4ba",
              "parentUUID": "96bfbbda-f753-46e1-b5d9-9be1be1f5709",
              "isHook": false,
              "skipped": false
            }
          ],
          "suites": [],
          "passes": [
            "5593ff89-d3e1-46d6-a0ac-3a3ccada5ce4"
          ],
          "failures": [],
          "pending": [
            "2f86abc5-ef20-46af-badd-653bbe3bd4ba"
          ],
          "skipped": [],
          "duration": 2591,
          "root": false,
          "rootEmpty": false,
          "_timeout": 2000
        }
      ],
      "passes": [],
      "failures": [],
      "pending": [],
      "skipped": [],
      "duration": 0,
      "root": true,
      "rootEmpty": true,
      "_timeout": 2000
    }
  ],
  "meta": {
    "mocha": {
      "version": "7.2.0"
    },
    "mochawesome": {
      "options": {
        "quiet": false,
        "reportFilename": "mochawesome",
        "saveHtml": false,
        "saveJson": true,
        "consoleReporter": "spec",
        "useInlineDiffs": false,
        "code": true
      },
      "version": "7.1.3"
    },
    "marge": {
      "options": {
        "reportDir": "cypress/reports",
        "overwrite": false,
        "html": false,
        "json": true
      },
      "version": "6.2.0"
    }
  }
}