{
  "stats": {
    "suites": 1,
    "tests": 1,
    "passes": 1,
    "pending": 0,
    "failures": 0,
    "start": "2025-05-13T03:40:48.615Z",
    "end": "2025-05-13T03:40:55.682Z",
    "duration": 7067,
    "testsRegistered": 1,
    "passPercent": 100,
    "pendingPercent": 0,
    "other": 0,
    "hasOther": false,
    "skipped": 0,
    "hasSkipped": false
  },
  "results": [
    {
      "uuid": "fbe58279-360e-4e8e-a5fa-3336708d24e0",
      "title": "",
      "fullFile": "cypress\\e2e\\run-demo\\click-sendkey.cy.js",
      "file": "cypress\\e2e\\run-demo\\click-sendkey.cy.js",
      "beforeHooks": [],
      "afterHooks": [],
      "tests": [],
      "suites": [
        {
          "uuid": "9ca9e9be-795d-4aa6-987e-0cb6d9e3f410",
          "title": "basicActionSuite",
          "fullFile": "",
          "file": "",
          "beforeHooks": [],
          "afterHooks": [],
          "tests": [
            {
              "title": "typeAction @smoke",
              "fullTitle": "basicActionSuite typeAction @smoke",
              "timedOut": null,
              "duration": 3793,
              "state": "passed",
              "speed": "fast",
              "pass": true,
              "fail": false,
              "pending": false,
              "context": null,
              "code": "cy.visit(\"https://naveenautomationlabs.com/opencart/index.php?route=account/register\");\ncy.get('#input-firstname').type('David');\ncy.get('#input-lastname').as('txt_lastName');\ncy.get('@txt_lastName').type('Johnson').should('have.value', 'Johnson');",
              "err": {},
              "uuid": "6893369d-6565-452d-9f53-13146eca1f01",
              "parentUUID": "9ca9e9be-795d-4aa6-987e-0cb6d9e3f410",
              "isHook": false,
              "skipped": false
            }
          ],
          "suites": [],
          "passes": [
            "6893369d-6565-452d-9f53-13146eca1f01"
          ],
          "failures": [],
          "pending": [],
          "skipped": [],
          "duration": 3793,
          "root": false,
          "rootEmpty": false,
          "_timeout": 2000
        }
      ],
      "passes": [],
      "failures": [],
      "pending": [],
      "skipped": [],
      "duration": 0,
      "root": true,
      "rootEmpty": true,
      "_timeout": 2000
    }
  ],
  "meta": {
    "mocha": {
      "version": "7.2.0"
    },
    "mochawesome": {
      "options": {
        "quiet": false,
        "reportFilename": "mochawesome",
        "saveHtml": false,
        "saveJson": true,
        "consoleReporter": "spec",
        "useInlineDiffs": false,
        "code": true
      },
      "version": "7.1.3"
    },
    "marge": {
      "options": {
        "reportDir": "cypress/reports",
        "overwrite": false,
        "html": false,
        "json": true
      },
      "version": "6.2.0"
    }
  }
}