{
  "stats": {
    "suites": 1,
    "tests": 1,
    "passes": 1,
    "pending": 0,
    "failures": 0,
    "start": "2025-05-13T03:38:56.455Z",
    "end": "2025-05-13T03:39:06.122Z",
    "duration": 9667,
    "testsRegistered": 1,
    "passPercent": 100,
    "pendingPercent": 0,
    "other": 0,
    "hasOther": false,
    "skipped": 0,
    "hasSkipped": false
  },
  "results": [
    {
      "uuid": "caeea094-c893-418a-b3fa-b59ec23447d9",
      "title": "",
      "fullFile": "cypress\\e2e\\page-tests\\sign-up.cy.js",
      "file": "cypress\\e2e\\page-tests\\sign-up.cy.js",
      "beforeHooks": [],
      "afterHooks": [],
      "tests": [],
      "suites": [
        {
          "uuid": "5a946684-f1af-4267-8e30-3d9b1b4f7116",
          "title": "signUpSuite",
          "fullFile": "",
          "file": "",
          "beforeHooks": [],
          "afterHooks": [],
          "tests": [
            {
              "title": "signUp",
              "fullTitle": "signUpSuite signUp",
              "timedOut": null,
              "duration": 8007,
              "state": "passed",
              "speed": "medium",
              "pass": true,
              "fail": false,
              "pending": false,
              "context": null,
              "code": "const signUpPage = new _signUpPage.default();\ncy.visit('https://qaclickacademy.github.io/protocommerce/');\nsignUpPage.getName_txt().type(this.data.name);\nsignUpPage.getGender_ddl().select(this.data.gender);\nsignUpPage.getTwoWayBindind_txt().should('have.value', this.data.name);\nsignUpPage.getName_txt().should('have.attr', 'minlength', '2');\nsignUpPage.getEntrepreneur_rad().should('be.disabled');\nsignUpPage.getShop_Btn().click();\nthis.data.productName.forEach(function (element) {\n  cy.selectProduct(element); //parameterize test with multiple set of data array from JSON file\n});\nconst shopPage = new _shopPage.default();\nshopPage.getCheckOut_btn().click();\nconst checkoutPage = new _checkoutPage.default();\ncheckoutPage.getCheckout_btn().click();\n/*==================================================================================================\n1. Now we need to go to cypress.json and add  \"defaultCommandTimeout\": 10000, this\n2. By default timeout is 4sec now we have change to 10Sec & \n3. Make sure by going to cypressDashboard and setting/configuration==> defaultCommandTimeout\": 10000 is there\n ===================================================================================================*/\ncheckoutPage.getDeliveryLocationSearch_txt().type('in'); //this take 8-10 sec to load\ncheckoutPage.getDynamicSearchDropdownLabel_ddl().each(($el, index, $list) => {\n  cy.log($el.text());\n  if ($el.text() == \"India\") {\n    cy.wrap($el).click();\n  }\n}).then(function () {\n  checkoutPage.getDeliveryLocationSearch_txt().should('have.value', \"India\");\n});\ncheckoutPage.getIAgree_chx().click({\n  force: true\n}); //We are forcing click because cannot click it was overlap by another element\ncheckoutPage.getPurchase_btn().click();\ncheckoutPage.getAlertMsg().then(function (text_alertElement) {\n  const actualText = text_alertElement.text();\n  expect(actualText.includes(\"Success\")).to.be.true;\n});",
              "err": {},
              "uuid": "9a1d2212-76ab-416a-acbe-3572069e7cc5",
              "parentUUID": "5a946684-f1af-4267-8e30-3d9b1b4f7116",
              "isHook": false,
              "skipped": false
            }
          ],
          "suites": [],
          "passes": [
            "9a1d2212-76ab-416a-acbe-3572069e7cc5"
          ],
          "failures": [],
          "pending": [],
          "skipped": [],
          "duration": 8007,
          "root": false,
          "rootEmpty": false,
          "_timeout": 2000
        }
      ],
      "passes": [],
      "failures": [],
      "pending": [],
      "skipped": [],
      "duration": 0,
      "root": true,
      "rootEmpty": true,
      "_timeout": 2000
    }
  ],
  "meta": {
    "mocha": {
      "version": "7.2.0"
    },
    "mochawesome": {
      "options": {
        "quiet": false,
        "reportFilename": "mochawesome",
        "saveHtml": false,
        "saveJson": true,
        "consoleReporter": "spec",
        "useInlineDiffs": false,
        "code": true
      },
      "version": "7.1.3"
    },
    "marge": {
      "options": {
        "reportDir": "cypress/reports",
        "overwrite": false,
        "html": false,
        "json": true
      },
      "version": "6.2.0"
    }
  }
}