{
  "stats": {
    "suites": 1,
    "tests": 1,
    "passes": 1,
    "pending": 0,
    "failures": 0,
    "start": "2025-05-13T03:22:17.120Z",
    "end": "2025-05-13T03:22:23.647Z",
    "duration": 6527,
    "testsRegistered": 1,
    "passPercent": 100,
    "pendingPercent": 0,
    "other": 0,
    "hasOther": false,
    "skipped": 0,
    "hasSkipped": false
  },
  "results": [
    {
      "uuid": "4ca9b68b-a864-40db-a5dd-2ad7919fb0d9",
      "title": "",
      "fullFile": "cypress\\e2e\\run-demo\\click-sendkey.cy.js",
      "file": "cypress\\e2e\\run-demo\\click-sendkey.cy.js",
      "beforeHooks": [],
      "afterHooks": [],
      "tests": [],
      "suites": [
        {
          "uuid": "0f73932d-ebc0-49e8-aff4-aa79f8ac3480",
          "title": "first_Suite",
          "fullFile": "",
          "file": "",
          "beforeHooks": [],
          "afterHooks": [],
          "tests": [
            {
              "title": "first_Method @smoke",
              "fullTitle": "first_Suite first_Method @smoke",
              "timedOut": null,
              "duration": 3616,
              "state": "passed",
              "speed": "fast",
              "pass": true,
              "fail": false,
              "pending": false,
              "context": null,
              "code": "cy.visit(\"https://naveenautomationlabs.com/opencart/index.php?route=account/register\");\ncy.get('#input-firstname').type('David');\ncy.get('#input-lastname').as('txt_lastName');\ncy.get('@txt_lastName').type('Johnson').should('have.value', 'Johnson');",
              "err": {},
              "uuid": "c2acee1a-9c14-4ae9-a237-50579720b296",
              "parentUUID": "0f73932d-ebc0-49e8-aff4-aa79f8ac3480",
              "isHook": false,
              "skipped": false
            }
          ],
          "suites": [],
          "passes": [
            "c2acee1a-9c14-4ae9-a237-50579720b296"
          ],
          "failures": [],
          "pending": [],
          "skipped": [],
          "duration": 3616,
          "root": false,
          "rootEmpty": false,
          "_timeout": 2000
        }
      ],
      "passes": [],
      "failures": [],
      "pending": [],
      "skipped": [],
      "duration": 0,
      "root": true,
      "rootEmpty": true,
      "_timeout": 2000
    }
  ],
  "meta": {
    "mocha": {
      "version": "7.2.0"
    },
    "mochawesome": {
      "options": {
        "quiet": false,
        "reportFilename": "mochawesome",
        "saveHtml": false,
        "saveJson": true,
        "consoleReporter": "spec",
        "useInlineDiffs": false,
        "code": true
      },
      "version": "7.1.3"
    },
    "marge": {
      "options": {
        "reportDir": "cypress/reports",
        "overwrite": false,
        "html": false,
        "json": true
      },
      "version": "6.2.0"
    }
  }
}