{
  "stats": {
    "suites": 1,
    "tests": 2,
    "passes": 2,
    "pending": 0,
    "failures": 0,
    "start": "2025-05-13T03:22:45.863Z",
    "end": "2025-05-13T03:22:52.543Z",
    "duration": 6680,
    "testsRegistered": 2,
    "passPercent": 100,
    "pendingPercent": 0,
    "other": 0,
    "hasOther": false,
    "skipped": 0,
    "hasSkipped": false
  },
  "results": [
    {
      "uuid": "a73e343f-acd6-42ff-8fa4-68fc81b5a4b1",
      "title": "",
      "fullFile": "cypress\\e2e\\run-demo\\temp.cy.js",
      "file": "cypress\\e2e\\run-demo\\temp.cy.js",
      "beforeHooks": [],
      "afterHooks": [],
      "tests": [],
      "suites": [
        {
          "uuid": "558ab488-57bf-4618-a4ce-2a51b54fa8b2",
          "title": "Tag test",
          "fullFile": "",
          "file": "",
          "beforeHooks": [],
          "afterHooks": [],
          "tests": [
            {
              "title": "enterFirstName @sanity",
              "fullTitle": "Tag test enterFirstName @sanity",
              "timedOut": null,
              "duration": 2803,
              "state": "passed",
              "speed": "fast",
              "pass": true,
              "fail": false,
              "pending": false,
              "context": null,
              "code": "cy.visit(\"https://naveenautomationlabs.com/opencart/index.php?route=account/register\");\ncy.xpath(\"//input[@id='input-firstname']\").type('David');",
              "err": {},
              "uuid": "531410e2-b0ae-4e58-80c8-ed987c7cf700",
              "parentUUID": "558ab488-57bf-4618-a4ce-2a51b54fa8b2",
              "isHook": false,
              "skipped": false
            },
            {
              "title": "enterLastName",
              "fullTitle": "Tag test enterLastName",
              "timedOut": null,
              "duration": 796,
              "state": "passed",
              "speed": "fast",
              "pass": true,
              "fail": false,
              "pending": false,
              "context": null,
              "code": "cy.visit(\"https://naveenautomationlabs.com/opencart/index.php?route=account/register\");\ncy.get('#input-lastname').as('txt_lastName');\ncy.get('@txt_lastName').type('Johnson').should('have.value', 'Johnson');",
              "err": {},
              "uuid": "96ceaba3-7f87-46ae-8497-a50d25428eea",
              "parentUUID": "558ab488-57bf-4618-a4ce-2a51b54fa8b2",
              "isHook": false,
              "skipped": false
            }
          ],
          "suites": [],
          "passes": [
            "531410e2-b0ae-4e58-80c8-ed987c7cf700",
            "96ceaba3-7f87-46ae-8497-a50d25428eea"
          ],
          "failures": [],
          "pending": [],
          "skipped": [],
          "duration": 3599,
          "root": false,
          "rootEmpty": false,
          "_timeout": 2000
        }
      ],
      "passes": [],
      "failures": [],
      "pending": [],
      "skipped": [],
      "duration": 0,
      "root": true,
      "rootEmpty": true,
      "_timeout": 2000
    }
  ],
  "meta": {
    "mocha": {
      "version": "7.2.0"
    },
    "mochawesome": {
      "options": {
        "quiet": false,
        "reportFilename": "mochawesome",
        "saveHtml": false,
        "saveJson": true,
        "consoleReporter": "spec",
        "useInlineDiffs": false,
        "code": true
      },
      "version": "7.1.3"
    },
    "marge": {
      "options": {
        "reportDir": "cypress/reports",
        "overwrite": false,
        "html": false,
        "json": true
      },
      "version": "6.2.0"
    }
  }
}