{
  "stats": {
    "suites": 1,
    "tests": 2,
    "passes": 2,
    "pending": 0,
    "failures": 0,
    "start": "2025-05-13T03:22:29.839Z",
    "end": "2025-05-13T03:22:39.271Z",
    "duration": 9432,
    "testsRegistered": 2,
    "passPercent": 100,
    "pendingPercent": 0,
    "other": 0,
    "hasOther": false,
    "skipped": 0,
    "hasSkipped": false
  },
  "results": [
    {
      "uuid": "d1db6063-1c07-4265-a213-a8f7706b3386",
      "title": "",
      "fullFile": "cypress\\e2e\\run-demo\\print-get-text.cy.js",
      "file": "cypress\\e2e\\run-demo\\print-get-text.cy.js",
      "beforeHooks": [],
      "afterHooks": [],
      "tests": [],
      "suites": [
        {
          "uuid": "65cf497f-99f8-4c98-8b8c-119f600ecb1c",
          "title": "PrintAndGetTextSuite",
          "fullFile": "",
          "file": "",
          "beforeHooks": [],
          "afterHooks": [],
          "tests": [
            {
              "title": "getPageHeader",
              "fullTitle": "PrintAndGetTextSuite getPageHeader",
              "timedOut": null,
              "duration": 2879,
              "state": "passed",
              "speed": "fast",
              "pass": true,
              "fail": false,
              "pending": false,
              "context": null,
              "code": "cy.visit('https://naveenautomationlabs.com/opencart/index.php?route=account/register');\ncy.get('#content h1').as('lbl_pageHeader');\ncy.get('@lbl_pageHeader').then(function (headerlbl) {\n  const headerText = headerlbl.text(); //Storing in variable & test() method is jquery so we need to resolve promise by then(function..)\n  cy.log(headerText); // or will print in the cypress dashboard console\n  console.log(headerText); //will print in dev tool console\n});\ncy.get('@lbl_pageHeader').should('have.text', 'Register Account');",
              "err": {},
              "uuid": "16a21a3a-362d-4fda-bee1-b0213ba4f7fc",
              "parentUUID": "65cf497f-99f8-4c98-8b8c-119f600ecb1c",
              "isHook": false,
              "skipped": false
            },
            {
              "title": "enterNameAndEmail @smoke",
              "fullTitle": "PrintAndGetTextSuite enterNameAndEmail @smoke",
              "timedOut": null,
              "duration": 1080,
              "state": "passed",
              "speed": "fast",
              "pass": true,
              "fail": false,
              "pending": false,
              "context": null,
              "code": "/* ==== Generated with Cypress Studio ==== */\ncy.visit('https://qaclickacademy.github.io/protocommerce/');\ncy.get(':nth-child(1) > .form-control').type('David');\ncy.get(':nth-child(2) > .form-control').type('david@gmail.com');",
              "err": {},
              "uuid": "062d43e9-08c3-44dd-89fb-1c11196c1b3e",
              "parentUUID": "65cf497f-99f8-4c98-8b8c-119f600ecb1c",
              "isHook": false,
              "skipped": false
            }
          ],
          "suites": [],
          "passes": [
            "16a21a3a-362d-4fda-bee1-b0213ba4f7fc",
            "062d43e9-08c3-44dd-89fb-1c11196c1b3e"
          ],
          "failures": [],
          "pending": [],
          "skipped": [],
          "duration": 3959,
          "root": false,
          "rootEmpty": false,
          "_timeout": 2000
        }
      ],
      "passes": [],
      "failures": [],
      "pending": [],
      "skipped": [],
      "duration": 0,
      "root": true,
      "rootEmpty": true,
      "_timeout": 2000
    }
  ],
  "meta": {
    "mocha": {
      "version": "7.2.0"
    },
    "mochawesome": {
      "options": {
        "quiet": false,
        "reportFilename": "mochawesome",
        "saveHtml": false,
        "saveJson": true,
        "consoleReporter": "spec",
        "useInlineDiffs": false,
        "code": true
      },
      "version": "7.1.3"
    },
    "marge": {
      "options": {
        "reportDir": "cypress/reports",
        "overwrite": false,
        "html": false,
        "json": true
      },
      "version": "6.2.0"
    }
  }
}