{
  "stats": {
    "suites": 1,
    "tests": 1,
    "passes": 1,
    "pending": 1,
    "failures": -1,
    "start": "2025-05-13T04:25:36.044Z",
    "end": "2025-05-13T04:25:39.414Z",
    "duration": 3370,
    "testsRegistered": 2,
    "passPercent": 100,
    "pendingPercent": 50,
    "other": 1,
    "hasOther": true,
    "skipped": 0,
    "hasSkipped": false
  },
  "results": [
    {
      "uuid": "22471fe4-b001-4f66-8ac7-786cdc032eef",
      "title": "",
      "fullFile": "cypress\\e2e\\run-demo\\print-get-text.cy.js",
      "file": "cypress\\e2e\\run-demo\\print-get-text.cy.js",
      "beforeHooks": [],
      "afterHooks": [],
      "tests": [],
      "suites": [
        {
          "uuid": "58e2cd2b-6736-4dd8-9df4-b64cb994e60e",
          "title": "printAndGetTextSuite",
          "fullFile": "",
          "file": "",
          "beforeHooks": [],
          "afterHooks": [],
          "tests": [
            {
              "title": "getPageHeader",
              "fullTitle": "printAndGetTextSuite getPageHeader",
              "timedOut": null,
              "duration": 0,
              "state": "pending",
              "speed": null,
              "pass": false,
              "fail": false,
              "pending": true,
              "context": null,
              "code": "cy.visit('https://naveenautomationlabs.com/opencart/index.php?route=account/register');\ncy.get('#content h1').as('lbl_pageHeader');\ncy.get('@lbl_pageHeader').then(function (headerlbl) {\n  const headerText = headerlbl.text(); //Storing in variable & test() method is jquery so we need to resolve promise by then(function..)\n  cy.log(headerText); // or will print in the cypress dashboard console\n  console.log(headerText); //will print in dev tool console\n});\ncy.get('@lbl_pageHeader').should('have.text', 'Register Account');",
              "err": {},
              "uuid": "c6158817-3dee-4e63-b3ec-c904820f33e4",
              "parentUUID": "58e2cd2b-6736-4dd8-9df4-b64cb994e60e",
              "isHook": false,
              "skipped": false
            },
            {
              "title": "enterNameAndEmail @smoke",
              "fullTitle": "printAndGetTextSuite enterNameAndEmail @smoke",
              "timedOut": null,
              "duration": 1055,
              "state": "passed",
              "speed": "fast",
              "pass": true,
              "fail": false,
              "pending": false,
              "context": null,
              "code": "/* ==== Generated with Cypress Studio ==== */\ncy.visit('https://qaclickacademy.github.io/protocommerce/');\ncy.get(':nth-child(1) > .form-control').type('David');\ncy.get(':nth-child(2) > .form-control').type('david@gmail.com');",
              "err": {},
              "uuid": "d9956232-35a2-44b1-82ea-c3f901dcb9c5",
              "parentUUID": "58e2cd2b-6736-4dd8-9df4-b64cb994e60e",
              "isHook": false,
              "skipped": false
            }
          ],
          "suites": [],
          "passes": [
            "d9956232-35a2-44b1-82ea-c3f901dcb9c5"
          ],
          "failures": [],
          "pending": [
            "c6158817-3dee-4e63-b3ec-c904820f33e4"
          ],
          "skipped": [],
          "duration": 1055,
          "root": false,
          "rootEmpty": false,
          "_timeout": 2000
        }
      ],
      "passes": [],
      "failures": [],
      "pending": [],
      "skipped": [],
      "duration": 0,
      "root": true,
      "rootEmpty": true,
      "_timeout": 2000
    }
  ],
  "meta": {
    "mocha": {
      "version": "7.2.0"
    },
    "mochawesome": {
      "options": {
        "quiet": false,
        "reportFilename": "mochawesome",
        "saveHtml": false,
        "saveJson": true,
        "consoleReporter": "spec",
        "useInlineDiffs": false,
        "code": true
      },
      "version": "7.1.3"
    },
    "marge": {
      "options": {
        "reportDir": "cypress/reports",
        "overwrite": false,
        "html": false,
        "json": true
      },
      "version": "6.2.0"
    }
  }
}