{
  "stats": {
    "suites": 1,
    "tests": 1,
    "passes": 1,
    "pending": 0,
    "failures": 0,
    "start": "2025-05-13T03:39:11.999Z",
    "end": "2025-05-13T03:39:21.547Z",
    "duration": 9548,
    "testsRegistered": 1,
    "passPercent": 100,
    "pendingPercent": 0,
    "other": 0,
    "hasOther": false,
    "skipped": 0,
    "hasSkipped": false
  },
  "results": [
    {
      "uuid": "9d65085c-7f46-46c1-8686-a89ca338b5a6",
      "title": "",
      "fullFile": "cypress\\e2e\\page-tests\\sum-of-product-function.cy.js",
      "file": "cypress\\e2e\\page-tests\\sum-of-product-function.cy.js",
      "beforeHooks": [],
      "afterHooks": [],
      "tests": [],
      "suites": [
        {
          "uuid": "2315e56b-e21a-44b4-a7dd-a52940a8eabb",
          "title": "sumOfProductSuite",
          "fullFile": "",
          "file": "",
          "beforeHooks": [],
          "afterHooks": [],
          "tests": [
            {
              "title": "sumOfProduct",
              "fullTitle": "sumOfProductSuite sumOfProduct",
              "timedOut": null,
              "duration": 7306,
              "state": "passed",
              "speed": "medium",
              "pass": true,
              "fail": false,
              "pending": false,
              "context": null,
              "code": "const signUpPage = new _signUpPage.default();\ncy.visit(Cypress.env('url') + \"/protocommerce/\"); // we are getting environment variable url+ \nsignUpPage.getName_txt().type(this.data.name);\nsignUpPage.getGender_ddl().select(this.data.gender);\nsignUpPage.getTwoWayBindind_txt().should('have.value', this.data.name);\nsignUpPage.getName_txt().should('have.attr', 'minlength', '2');\nsignUpPage.getEntrepreneur_rad().should('be.disabled');\nsignUpPage.getShop_Btn().click();\nthis.data.productName.forEach(function (element) {\n  cy.selectProduct(element); //parameterize test with multiple set of data array from JSON file\n});\nconst shopPage = new _shopPage.default();\nshopPage.getCheckOut_btn().click();\nconst checkoutPage = new _checkoutPage.default();\ncheckoutPage.getCheckout_btn().click();\n/*==================================================================================================\n1. Now we need to go to cypress.json and add  \"defaultCommandTimeout\": 10000, this\n2. By default timeout is 4sec now we have change to 10Sec & \n3. Make sure by going to cypressDashboard and setting/configuration==> defaultCommandTimeout\": 10000 is there\n ===================================================================================================*/\ncheckoutPage.getDeliveryLocationSearch_txt().type('in'); //this take 8-10 sec to load\ncheckoutPage.getDynamicSearchDropdownLabel_ddl().each(($el, index, $list) => {\n  cy.log($el.text());\n  if ($el.text() == \"India\") {\n    cy.wrap($el).click();\n  }\n}).then(function () {\n  checkoutPage.getDeliveryLocationSearch_txt().should('have.value', \"India\");\n});\ncheckoutPage.getIAgree_chx().click({\n  force: true\n}); //We are forcing click because cannot click it was overlap by another element\ncheckoutPage.getPurchase_btn().click();\ncheckoutPage.getAlertMsg().then(function (text_alertElement) {\n  const actualText = text_alertElement.text();\n  expect(actualText.includes(\"Success\")).to.be.true;\n});\n//==============This test case start from here=================\ncheckoutPage.getCheckOutBtn().click();\nvar sum = 0;\ncheckoutPage.getCheckoutItemPriceCommonLocator().each(($el, index, $list) => {\n  const actText = $el.text();\n  var finText = actText.split(\" \");\n  finText = finText[1].trim();\n  sum = Number(sum) + Number(finText);\n  //We need to resolve promise so\n}).then(function () {\n  cy.log(sum);\n});\ncy.get('h3 > strong').then(function (totalAmount) {\n  var total = totalAmount.text().split(\" \");\n  total = total[1].trim();\n  expect(Number(total)).to.equal(sum);\n});",
              "err": {},
              "uuid": "ef76603a-cd15-47f0-b593-ff50971ccf74",
              "parentUUID": "2315e56b-e21a-44b4-a7dd-a52940a8eabb",
              "isHook": false,
              "skipped": false
            }
          ],
          "suites": [],
          "passes": [
            "ef76603a-cd15-47f0-b593-ff50971ccf74"
          ],
          "failures": [],
          "pending": [],
          "skipped": [],
          "duration": 7306,
          "root": false,
          "rootEmpty": false,
          "_timeout": 2000
        }
      ],
      "passes": [],
      "failures": [],
      "pending": [],
      "skipped": [],
      "duration": 0,
      "root": true,
      "rootEmpty": true,
      "_timeout": 2000
    }
  ],
  "meta": {
    "mocha": {
      "version": "7.2.0"
    },
    "mochawesome": {
      "options": {
        "quiet": false,
        "reportFilename": "mochawesome",
        "saveHtml": false,
        "saveJson": true,
        "consoleReporter": "spec",
        "useInlineDiffs": false,
        "code": true
      },
      "version": "7.1.3"
    },
    "marge": {
      "options": {
        "reportDir": "cypress/reports",
        "overwrite": false,
        "html": false,
        "json": true
      },
      "version": "6.2.0"
    }
  }
}