{
  "stats": {
    "suites": 1,
    "tests": 1,
    "passes": 1,
    "pending": 0,
    "failures": 0,
    "start": "2025-05-07T20:16:04.112Z",
    "end": "2025-05-07T20:16:18.961Z",
    "duration": 14849,
    "testsRegistered": 1,
    "passPercent": 100,
    "pendingPercent": 0,
    "other": 0,
    "hasOther": false,
    "skipped": 0,
    "hasSkipped": false
  },
  "results": [
    {
      "uuid": "fb5ffb7a-a2b1-4254-acc2-1a8079a94ee4",
      "title": "",
      "fullFile": "cypress\\e2e\\test-cases\\06-alert.js",
      "file": "cypress\\e2e\\test-cases\\06-alert.js",
      "beforeHooks": [],
      "afterHooks": [],
      "tests": [],
      "suites": [
        {
          "uuid": "d49785cf-b741-486c-be33-c3700d35cbcb",
          "title": "autoHandleALert",
          "fullFile": "",
          "file": "",
          "beforeHooks": [],
          "afterHooks": [],
          "tests": [
            {
              "title": "AutoHandleAlert",
              "fullTitle": "autoHandleALert AutoHandleAlert",
              "timedOut": null,
              "duration": 10772,
              "state": "passed",
              "speed": "slow",
              "pass": true,
              "fail": false,
              "pending": false,
              "context": null,
              "code": "cy.get('#alertbtn').click();\ncy.get('#confirmbtn').click();\n//now we are firing the alert to get access to the\ncy.on('window:alert', str => {\n  //Moca framework assertion of comparing 2 string\n  expect(str).to.equal('Hello , share this practice page and share your knowledge');\n});\ncy.on('window:confirm', str => {\n  //Moca framework assertion of comparing 2 string\n  expect(str).to.equal('Hello , Are you sure you want to confirm?');\n});",
              "err": {},
              "uuid": "68c5e821-ce72-44c3-9059-7dc5262cca34",
              "parentUUID": "d49785cf-b741-486c-be33-c3700d35cbcb",
              "isHook": false,
              "skipped": false
            }
          ],
          "suites": [],
          "passes": [
            "68c5e821-ce72-44c3-9059-7dc5262cca34"
          ],
          "failures": [],
          "pending": [],
          "skipped": [],
          "duration": 10772,
          "root": false,
          "rootEmpty": false,
          "_timeout": 2000
        }
      ],
      "passes": [],
      "failures": [],
      "pending": [],
      "skipped": [],
      "duration": 0,
      "root": true,
      "rootEmpty": true,
      "_timeout": 2000
    }
  ],
  "meta": {
    "mocha": {
      "version": "7.2.0"
    },
    "mochawesome": {
      "options": {
        "quiet": false,
        "reportFilename": "mochawesome",
        "saveHtml": true,
        "saveJson": true,
        "consoleReporter": "spec",
        "useInlineDiffs": false,
        "code": true
      },
      "version": "7.1.3"
    },
    "marge": {
      "options": null,
      "version": "6.2.0"
    }
  }
}