{
  "stats": {
    "suites": 1,
    "tests": 2,
    "passes": 2,
    "pending": 0,
    "failures": 0,
    "start": "2021-03-05T15:38:37.508Z",
    "end": "2021-03-05T15:38:44.966Z",
    "duration": 7458,
    "testsRegistered": 2,
    "passPercent": 100,
    "pendingPercent": 0,
    "other": 0,
    "hasOther": false,
    "skipped": 0,
    "hasSkipped": false
  },
  "results": [
    {
      "uuid": "a0297b97-42e8-45c6-b9e0-0d13bb22231b",
      "title": "",
      "fullFile": "cypress\\integration\\runtsdemo\\test2.js",
      "file": "cypress\\integration\\runtsdemo\\test2.js",
      "beforeHooks": [],
      "afterHooks": [],
      "tests": [],
      "suites": [
        {
          "uuid": "73148317-d4e3-4bbb-9c74-a9c6db61c70d",
          "title": "PrintAndGetTextSuite",
          "fullFile": "",
          "file": "",
          "beforeHooks": [],
          "afterHooks": [],
          "tests": [
            {
              "title": "test_spec",
              "fullTitle": "PrintAndGetTextSuite test_spec",
              "timedOut": null,
              "duration": 3049,
              "state": "passed",
              "speed": "slow",
              "pass": true,
              "fail": false,
              "pending": false,
              "context": null,
              "code": "cy.visit('http://demo.automationtesting.in/Register.html');\ncy.get('h1').as('pageHeader_lbl');\ncy.get('@pageHeader_lbl').then(function (headerlbl) {\n  var headerText = headerlbl.text(); //Storing in variable & test() method is jquery so we need to resolve promise by then(function..)\n  cy.log(headerText); // or will print in the cypress dashboard console\n  console.log(headerText); //will print in dev tool console\n});\ncy.get('@pageHeader_lbl').should('have.text', 'Automation Demo Site ');",
              "err": {},
              "uuid": "59cd8020-47c2-4a59-944f-3c0125e7e760",
              "parentUUID": "73148317-d4e3-4bbb-9c74-a9c6db61c70d",
              "isHook": false,
              "skipped": false
            },
            {
              "title": "RecordDemoProtoCommmerce",
              "fullTitle": "PrintAndGetTextSuite RecordDemoProtoCommmerce",
              "timedOut": null,
              "duration": 1535,
              "state": "passed",
              "speed": "slow",
              "pass": true,
              "fail": false,
              "pending": false,
              "context": null,
              "code": "/* ==== Generated with Cypress Studio ==== */\ncy.visit('https://qaclickacademy.github.io/protocommerce/');\ncy.get(':nth-child(1) > .form-control').type('David');\ncy.get(':nth-child(2) > .form-control').type('david@gmail.com');\ncy.get('#exampleInputPassword1').type('abc123');\ncy.get('#exampleCheck1').check();\ncy.get('#exampleFormControlSelect1').select('Female'); // cy.get(':nth-child(8) > .form-control').type('11122020');\ncy.contains('Submit').click(); // clicking the Submit btn\n/* ==== End Cypress Studio ==== */",
              "err": {},
              "uuid": "c8095f16-aa3c-42e2-b487-f27cef6cabfa",
              "parentUUID": "73148317-d4e3-4bbb-9c74-a9c6db61c70d",
              "isHook": false,
              "skipped": false
            }
          ],
          "suites": [],
          "passes": [
            "59cd8020-47c2-4a59-944f-3c0125e7e760",
            "c8095f16-aa3c-42e2-b487-f27cef6cabfa"
          ],
          "failures": [],
          "pending": [],
          "skipped": [],
          "duration": 4584,
          "root": false,
          "rootEmpty": false,
          "_timeout": 2000
        }
      ],
      "passes": [],
      "failures": [],
      "pending": [],
      "skipped": [],
      "duration": 0,
      "root": true,
      "rootEmpty": true,
      "_timeout": 2000
    }
  ],
  "meta": {
    "mocha": {
      "version": "7.0.1"
    },
    "mochawesome": {
      "options": {
        "quiet": false,
        "reportFilename": "mochawesome",
        "saveHtml": true,
        "saveJson": true,
        "consoleReporter": "spec",
        "useInlineDiffs": false
      },
      "version": "4.1.0"
    },
    "marge": {
      "options": null,
      "version": "4.1.0"
    }
  }
}