{
  "stats": {
    "suites": 1,
    "tests": 2,
    "passes": 1,
    "pending": 0,
    "failures": 1,
    "start": "2025-03-21T20:20:26.850Z",
    "end": "2025-03-21T20:20:34.741Z",
    "duration": 7891,
    "testsRegistered": 2,
    "passPercent": 50,
    "pendingPercent": 0,
    "other": 0,
    "hasOther": false,
    "skipped": 0,
    "hasSkipped": false
  },
  "results": [
    {
      "uuid": "bdf36bab-f4f0-40fd-8842-7e6578e3644e",
      "title": "",
      "fullFile": "cypress\\e2e\\runtsdemo\\test2.js",
      "file": "cypress\\e2e\\runtsdemo\\test2.js",
      "beforeHooks": [],
      "afterHooks": [],
      "tests": [],
      "suites": [
        {
          "uuid": "ca09ba22-f187-4d27-b16a-229e47114e91",
          "title": "PrintAndGetTextSuite",
          "fullFile": "",
          "file": "",
          "beforeHooks": [],
          "afterHooks": [],
          "tests": [
            {
              "title": "test_spec",
              "fullTitle": "PrintAndGetTextSuite test_spec",
              "timedOut": null,
              "duration": 1116,
              "state": "failed",
              "speed": null,
              "pass": false,
              "fail": true,
              "pending": false,
              "context": null,
              "code": "cy.visit('http://demo.automationtesting.in/Register.html');\ncy.get('h1').as('pageHeader_lbl');\ncy.get('@pageHeader_lbl').then(function (headerlbl) {\n  const headerText = headerlbl.text(); //Storing in variable & test() method is jquery so we need to resolve promise by then(function..)\n  cy.log(headerText); // or will print in the cypress dashboard console\n  console.log(headerText); //will print in dev tool console\n});\ncy.get('@pageHeader_lbl').should('have.text', 'Automation Demo Site ');",
              "err": {
                "message": "ReferenceError: The following error originated from your application code, not from Cypress.\n\n  > angular is not defined\n\nWhen Cypress detects uncaught errors originating from your application it will automatically fail the current test.\n\nThis behavior is configurable, and you can choose to turn this off by listening to the `uncaught:exception` event.\n\nhttps://on.cypress.io/uncaught-exception-from-application",
                "estack": "ReferenceError: The following error originated from your application code, not from Cypress.\n\n  > angular is not defined\n\nWhen Cypress detects uncaught errors originating from your application it will automatically fail the current test.\n\nThis behavior is configurable, and you can choose to turn this off by listening to the `uncaught:exception` event.\n\nhttps://on.cypress.io/uncaught-exception-from-application\n    at <unknown> (https://demo.automationtesting.in/angcontroller.js:6:9)",
                "diff": null
              },
              "uuid": "d2bdd840-da98-42d9-94cd-e762bddf883f",
              "parentUUID": "ca09ba22-f187-4d27-b16a-229e47114e91",
              "isHook": false,
              "skipped": false
            },
            {
              "title": "RecordDemoProtoCommmerce",
              "fullTitle": "PrintAndGetTextSuite RecordDemoProtoCommmerce",
              "timedOut": null,
              "duration": 1483,
              "state": "passed",
              "speed": "fast",
              "pass": true,
              "fail": false,
              "pending": false,
              "context": null,
              "code": "cy.visit('https://qaclickacademy.github.io/protocommerce/');\ncy.get(':nth-child(1) > .form-control').type('David');\ncy.get(':nth-child(2) > .form-control').type('david@gmail.com');\ncy.get('#exampleInputPassword1').type('abc123');\ncy.get('#exampleCheck1').check();\ncy.get('#exampleFormControlSelect1').select('Female');\n// cy.get(':nth-child(8) > .form-control').type('11122020');\ncy.contains('Submit').click(); // clicking the Submit btn",
              "err": {},
              "uuid": "33ab2ee1-64bd-47ff-ab4f-096f9308ee76",
              "parentUUID": "ca09ba22-f187-4d27-b16a-229e47114e91",
              "isHook": false,
              "skipped": false
            }
          ],
          "suites": [],
          "passes": [
            "33ab2ee1-64bd-47ff-ab4f-096f9308ee76"
          ],
          "failures": [
            "d2bdd840-da98-42d9-94cd-e762bddf883f"
          ],
          "pending": [],
          "skipped": [],
          "duration": 2599,
          "root": false,
          "rootEmpty": false,
          "_timeout": 2000
        }
      ],
      "passes": [],
      "failures": [],
      "pending": [],
      "skipped": [],
      "duration": 0,
      "root": true,
      "rootEmpty": true,
      "_timeout": 2000
    }
  ],
  "meta": {
    "mocha": {
      "version": "7.0.1"
    },
    "mochawesome": {
      "options": {
        "quiet": false,
        "reportFilename": "mochawesome",
        "saveHtml": true,
        "saveJson": true,
        "consoleReporter": "spec",
        "useInlineDiffs": false
      },
      "version": "4.1.0"
    },
    "marge": {
      "options": null,
      "version": "4.1.0"
    }
  }
}